<?xml version="1.0" encoding="UTF-8"?>
<!-- Generated by org.testng.reporters.JUnitReportReporter -->
<testsuite hostname="Sanju" failures="0" tests="4" name="TestNG.example5_TestNGKeyword3_priority2" time="0.009" errors="0" timestamp="2023-06-18T08:19:23 IST" skipped="0">
  <testcase classname="TestNG.example5_TestNGKeyword3_priority2" name="TC2" time="0.006"/>
  <system-out>
    <![CDATA[--running TC2--]]>
  </system-out>
  <testcase classname="TestNG.example5_TestNGKeyword3_priority2" name="TC3" time="0.001"/>
  <system-out>
    <![CDATA[--running TC3--]]>
  </system-out>
  <testcase classname="TestNG.example5_TestNGKeyword3_priority2" name="TC4" time="0.001"/>
  <system-out>
    <![CDATA[--running TC4--]]>
  </system-out>
  <testcase classname="TestNG.example5_TestNGKeyword3_priority2" name="TC1" time="0.001"/>
  <system-out>
    <![CDATA[--running TC1--]]>
  </system-out>
</testsuite> <!-- TestNG.example5_TestNGKeyword3_priority2 -->
