<?xml version="1.0" encoding="UTF-8"?>
<!-- Generated by org.testng.reporters.JUnitReportReporter -->
<testsuite hostname="Sanju" failures="0" tests="2" name="TestNG.example4_Annotations" time="0.004" errors="0" timestamp="2023-06-18T08:07:15 IST" skipped="0">
  <testcase classname="TestNG.example4_Annotations" name="verifyFullName1" time="0.004"/>
  <system-out>
    <![CDATA[running verifyFullName1 TC]]>
  </system-out>
  <testcase classname="TestNG.example4_Annotations" name="verifyFullName2" time="0.000"/>
  <system-out>
    <![CDATA[running verifyFullName2 TC]]>
  </system-out>
</testsuite> <!-- TestNG.example4_Annotations -->
