<?xml version="1.0" encoding="UTF-8"?>
<!-- Generated by org.testng.reporters.JUnitReportReporter -->
<testsuite hostname="Sanju" failures="0" tests="1" name="TestNG.example2_TestNgTestClass" time="11.112" errors="0" timestamp="2023-06-18T07:48:40 IST" skipped="0">
  <testcase classname="TestNG.example2_TestNgTestClass" name="m1" time="11.112"/>
  <system-out/>
</testsuite> <!-- TestNG.example2_TestNgTestClass -->
