<?xml version="1.0" encoding="UTF-8"?>
<!-- Generated by org.testng.reporters.JUnitReportReporter -->
<testsuite hostname="Sanju" failures="0" tests="3" name="TestNG.example6_Sample2" time="0.001" errors="0" timestamp="2023-06-18T08:32:34 IST" skipped="0">
  <testcase classname="TestNG.example6_Sample2" name="TC6" time="0.000"/>
  <system-out>
    <![CDATA[--running TC6--]]>
  </system-out>
  <testcase classname="TestNG.example6_Sample2" name="TC5" time="0.001"/>
  <system-out>
    <![CDATA[--running TC5--]]>
  </system-out>
  <testcase classname="TestNG.example6_Sample2" name="TC4" time="0.000"/>
  <system-out>
    <![CDATA[--running TC4--]]>
  </system-out>
</testsuite> <!-- TestNG.example6_Sample2 -->
