<?xml version="1.0" encoding="UTF-8"?>
<!-- Generated by org.testng.reporters.JUnitReportReporter -->
<testsuite hostname="Sanju" failures="0" tests="3" name="TestNG.example10_grouping1" time="0.005" errors="0" timestamp="2023-06-19T08:31:55 IST" skipped="0">
  <testcase classname="TestNG.example10_grouping1" name="TC3" time="0.000"/>
  <system-out>
    <![CDATA[--running TC3--]]>
  </system-out>
  <testcase classname="TestNG.example10_grouping1" name="TC2" time="0.000"/>
  <system-out>
    <![CDATA[--running TC2--]]>
  </system-out>
  <testcase classname="TestNG.example10_grouping1" name="TC1" time="0.005"/>
  <system-out>
    <![CDATA[--running TC1--]]>
  </system-out>
</testsuite> <!-- TestNG.example10_grouping1 -->
